  glew.c
  Buffer.cpp
C:\Users\pablo\Desktop\Prac_Cowboy\src\Buffer.cpp(14,13): warning C4244: 'inicializando': conversión de 'unsigned int' a 'float'; posible pérdida de datos
  Camera.cpp
  Entity.cpp
  Light.cpp
C:\Users\pablo\Desktop\Prac_Cowboy\src\Light.cpp(21,18): warning C4244: '=': conversión de 'int' a 'T'; posible pérdida de datos
          with
          [
              T=float
          ]
C:\Users\pablo\Desktop\Prac_Cowboy\src\Light.cpp(81,45): warning C4244: 'argumento': conversión de 'int' a 'float'; posible pérdida de datos
  main.cpp
C:\Users\pablo\Desktop\Prac_Cowboy\src\main.cpp(67,55): warning C4244: 'argumento': conversión de 'float' a 'int'; posible pérdida de datos
C:\Users\pablo\Desktop\Prac_Cowboy\src\main.cpp(67,41): warning C4244: 'argumento': conversión de 'float' a 'int'; posible pérdida de datos
  Material.cpp
  Mesh.cpp
C:\Users\pablo\Desktop\Prac_Cowboy\src\Mesh.cpp(85,16): warning C4018: '<': no coinciden signed/unsigned
  Model.cpp
  Shader.cpp
  State.cpp
  Texture.cpp
  VertexVec.cpp
  World.cpp
  Generando código...
C:\Users\pablo\Desktop\Prac_Cowboy\src\Model.cpp(27): warning C4172: devolución de dirección de la variable local o temporal: Matrix
C:\Users\pablo\Desktop\Prac_Cowboy\src\Light.cpp(26): warning C4172: devolución de dirección de la variable local o temporal
LINK : warning LNK4098: la biblioteca predeterminada'MSVCRT' entra en conflicto con otras bibliotecas; use la biblioteca /NODEFAULTLIB:biblioteca
  ugine3d.vcxproj -> C:\Users\pablo\Desktop\Prac_Cowboy\project\Debug\Practica3D.exe
